# label: Figure16 512
# cwd: /mnt/data/rtx/gpu/sm-sched/microbench
# command: /mnt/data/rtx/gpu/sm-sched/microbench/build-model/bench
# started: 2026-07-10T10:24:24.824479
M,N,K | cuBLAS(ms) | CUTLASS(ms) | |Δ|(ms) | ratio(CUTLASS/cuBLAS)
[MorphX] kernel _ZN12_GLOBAL__N_111fill_kernelEPN7cutlas: blocks: 131072, occup: 8, waves: 10, CI: 0.146420, WaveTime: 9.582000us
[MorphX] AvgWave 0: 108, 9.582000us
[MorphX] AvgWave 1: 96, 7.145000us
[MorphX] AvgWave 2: 84, 6.298000us
[MorphX] AvgWave 3: 72, 6.031000us
[MorphX] AvgWave 4: 60, 4.295000us
[MorphX] AvgWave 5: 48, 3.710000us
[MorphX] AvgWave 6: 36, 2.447000us
[MorphX] AvgWave 7: 24, 2.218000us
[MorphX] AvgWave 8: 12, 0.700000us
[MorphX] AvgWave 9: 4, 1.403000us
[MorphX] kernel _ZN7cutlassL6KernelINS_4gemm6kernel4Gemm: blocks: 2048, occup: 1, waves: 10, CI: 0.660175, WaveTime: 1435.851000us
[MorphX] AvgWave 0: 108, 1435.851000us
[MorphX] AvgWave 1: 96, 1324.518000us
[MorphX] AvgWave 2: 84, 1226.152000us
[MorphX] AvgWave 3: 72, 1106.056000us
[MorphX] AvgWave 4: 60, 1003.211000us
[MorphX] AvgWave 5: 48, 947.599000us
[MorphX] AvgWave 6: 36, 906.600000us
[MorphX] AvgWave 7: 24, 915.999000us
[MorphX] AvgWave 8: 12, 919.440000us
[MorphX] AvgWave 9: 8, 947.913000us
M=  512, N=65536, K=65536 |    15.177 |      27.914 |  12.738 |     1.839
# finished: 2026-07-10T10:24:27.083995
# returncode: 0
# elapsed_seconds: 2.259
